{"uid":"91b8bc7e59dce655","name":"Deleting all created articles","fullName":"test.conduit_test.TestLoggedInUserPage#test_deleting_articles","historyId":"3179684d28d8cb60957ce1b596480cf8","time":{"start":1681302591705,"stop":1681302609032,"duration":17327},"status":"broken","statusMessage":"selenium.common.exceptions.TimeoutException: Message: \nStacktrace:\n#0 0x5595a8ec0243 <unknown>\n#1 0x5595a8c847a6 <unknown>\n#2 0x5595a8cc164d <unknown>\n#3 0x5595a8cc1761 <unknown>\n#4 0x5595a8cfcda4 <unknown>\n#5 0x5595a8ce20ad <unknown>\n#6 0x5595a8cfa932 <unknown>\n#7 0x5595a8ce1e53 <unknown>\n#8 0x5595a8cb49ea <unknown>\n#9 0x5595a8cb5b2e <unknown>\n#10 0x5595a8f14d5e <unknown>\n#11 0x5595a8f18a80 <unknown>\n#12 0x5595a8efa8b0 <unknown>\n#13 0x5595a8f19b63 <unknown>\n#14 0x5595a8eebf75 <unknown>\n#15 0x5595a8f3c998 <unknown>\n#16 0x5595a8f3cb27 <unknown>\n#17 0x5595a8f57c23 <unknown>\n#18 0x7fdc6832bb43 <unknown>","statusTrace":"self = <conduit_test.TestLoggedInUserPage object at 0x7f8a1bc56020>\n\n    @allure.id(\"ATC-12\")\n    @allure.title(\"Deleting all created articles\")\n    def test_deleting_articles(self):\n        self.page.refresh()\n        articles = len(self.page.articles_titles())\n        for index in range(articles):\n            self.page.articles_titles()[0].click()\n            time.sleep(1)\n>           self.page.delete_article_button().click()\n\ntest/conduit_test.py:208: \n_ _ _ _ _ _ _ _ _ _ _ _ _ _ _ _ _ _ _ _ _ _ _ _ _ _ _ _ _ _ _ _ _ _ _ _ _ _ _ _ \ntest/page_objects.py:143: in delete_article_button\n    return self.wait().until(self.ECpoel((By.XPATH, '//button[@class=\"btn btn-outline-danger btn-sm\"]')))\n_ _ _ _ _ _ _ _ _ _ _ _ _ _ _ _ _ _ _ _ _ _ _ _ _ _ _ _ _ _ _ _ _ _ _ _ _ _ _ _ \n\nself = <selenium.webdriver.support.wait.WebDriverWait (session=\"03a015ed5931a298626947b312926fb8\")>\nmethod = <function presence_of_element_located.<locals>._predicate at 0x7f8a1bb4dd80>\nmessage = ''\n\n    def until(self, method, message: str = \"\"):\n        \"\"\"Calls the method provided with the driver as an argument until the \\\n        return value does not evaluate to ``False``.\n    \n        :param method: callable(WebDriver)\n        :param message: optional message for :exc:`TimeoutException`\n        :returns: the result of the last call to `method`\n        :raises: :exc:`selenium.common.exceptions.TimeoutException` if timeout occurs\n        \"\"\"\n        screen = None\n        stacktrace = None\n    \n        end_time = time.monotonic() + self._timeout\n        while True:\n            try:\n                value = method(self._driver)\n                if value:\n                    return value\n            except self._ignored_exceptions as exc:\n                screen = getattr(exc, \"screen\", None)\n                stacktrace = getattr(exc, \"stacktrace\", None)\n            time.sleep(self._poll)\n            if time.monotonic() > end_time:\n                break\n>       raise TimeoutException(message, screen, stacktrace)\nE       selenium.common.exceptions.TimeoutException: Message: \nE       Stacktrace:\nE       #0 0x5595a8ec0243 <unknown>\nE       #1 0x5595a8c847a6 <unknown>\nE       #2 0x5595a8cc164d <unknown>\nE       #3 0x5595a8cc1761 <unknown>\nE       #4 0x5595a8cfcda4 <unknown>\nE       #5 0x5595a8ce20ad <unknown>\nE       #6 0x5595a8cfa932 <unknown>\nE       #7 0x5595a8ce1e53 <unknown>\nE       #8 0x5595a8cb49ea <unknown>\nE       #9 0x5595a8cb5b2e <unknown>\nE       #10 0x5595a8f14d5e <unknown>\nE       #11 0x5595a8f18a80 <unknown>\nE       #12 0x5595a8efa8b0 <unknown>\nE       #13 0x5595a8f19b63 <unknown>\nE       #14 0x5595a8eebf75 <unknown>\nE       #15 0x5595a8f3c998 <unknown>\nE       #16 0x5595a8f3cb27 <unknown>\nE       #17 0x5595a8f57c23 <unknown>\nE       #18 0x7fdc6832bb43 <unknown>\n\n/opt/hostedtoolcache/Python/3.10.10/x64/lib/python3.10/site-packages/selenium/webdriver/support/wait.py:95: TimeoutException","flaky":false,"newFailed":false,"newBroken":false,"newPassed":false,"retriesCount":0,"retriesStatusChange":false,"beforeStages":[{"name":"_xunit_setup_method_fixture_TestLoggedInUserPage","time":{"start":1681302586108,"stop":1681302591704,"duration":5596},"status":"passed","steps":[],"attachments":[],"parameters":[],"stepsCount":0,"attachmentsCount":0,"shouldDisplayMessage":false,"hasContent":false}],"afterStages":[{"name":"_xunit_setup_method_fixture_TestLoggedInUserPage::0","time":{"start":1681302609088,"stop":1681302609156,"duration":68},"status":"passed","steps":[],"attachments":[],"parameters":[],"stepsCount":0,"attachmentsCount":0,"shouldDisplayMessage":false,"hasContent":false}],"labels":[{"name":"as_id","value":"ATC-12"},{"name":"parentSuite","value":"test"},{"name":"suite","value":"conduit_test"},{"name":"subSuite","value":"TestLoggedInUserPage"},{"name":"host","value":"fv-az573-163"},{"name":"thread","value":"3290-MainThread"},{"name":"framework","value":"pytest"},{"name":"language","value":"cpython3"},{"name":"package","value":"test.conduit_test"},{"name":"resultFormat","value":"allure2"}],"parameters":[],"links":[],"hidden":false,"retry":false,"extra":{"severity":"normal","retries":[],"categories":[{"name":"Test defects","matchedStatuses":[],"flaky":false}],"tags":[]},"source":"91b8bc7e59dce655.json","parameterValues":[]}