{"uid":"8f50386ca8eef90e","name":"Modifying article","fullName":"test.conduit_test.TestLoggedInUserPage#test_modifying_article","historyId":"2767140306d6026b0f9ca1ac75a41973","time":{"start":1681387222251,"stop":1681387228274,"duration":6023},"status":"broken","statusMessage":"selenium.common.exceptions.TimeoutException: Message: \nStacktrace:\n#0 0x5566a9466fe3 <unknown>\n#1 0x5566a91a5d36 <unknown>\n#2 0x5566a91e2c4d <unknown>\n#3 0x5566a91e2d61 <unknown>\n#4 0x5566a921e6a4 <unknown>\n#5 0x5566a92038ed <unknown>\n#6 0x5566a921c232 <unknown>\n#7 0x5566a9203693 <unknown>\n#8 0x5566a91d603a <unknown>\n#9 0x5566a91d717e <unknown>\n#10 0x5566a9428dbd <unknown>\n#11 0x5566a942cc6c <unknown>\n#12 0x5566a94364b0 <unknown>\n#13 0x5566a942dd63 <unknown>\n#14 0x5566a9400c35 <unknown>\n#15 0x5566a9451138 <unknown>\n#16 0x5566a94512c7 <unknown>\n#17 0x5566a945f093 <unknown>\n#18 0x7f6a79f39b43 <unknown>","statusTrace":"self = <conduit_test.TestLoggedInUserPage object at 0x7f61a37edae0>\n\n    @allure.id(\"ATC-11\")\n    @allure.title(\"Modifying article\")\n    def test_modifying_article(self):\n        self.page.my_articles().click()\n>       modified_title = modify_title(self.page)\n\ntest/conduit_test.py:199: \n_ _ _ _ _ _ _ _ _ _ _ _ _ _ _ _ _ _ _ _ _ _ _ _ _ _ _ _ _ _ _ _ _ _ _ _ _ _ _ _ \ntest/general_functions.py:77: in modify_title\n    page.modify_article_link().click()\ntest/page_objects.py:169: in modify_article_link\n    return self.wait().until(self.ECpoel((By.XPATH, '//a[@class=\"btn btn-sm btn-outline-secondary\"]')))\n_ _ _ _ _ _ _ _ _ _ _ _ _ _ _ _ _ _ _ _ _ _ _ _ _ _ _ _ _ _ _ _ _ _ _ _ _ _ _ _ \n\nself = <selenium.webdriver.support.wait.WebDriverWait (session=\"92c26bc2f7e57a7f7053d32036682d86\")>\nmethod = <function presence_of_element_located.<locals>._predicate at 0x7f61a36f1120>\nmessage = ''\n\n    def until(self, method, message: str = \"\"):\n        \"\"\"Calls the method provided with the driver as an argument until the \\\n        return value does not evaluate to ``False``.\n    \n        :param method: callable(WebDriver)\n        :param message: optional message for :exc:`TimeoutException`\n        :returns: the result of the last call to `method`\n        :raises: :exc:`selenium.common.exceptions.TimeoutException` if timeout occurs\n        \"\"\"\n        screen = None\n        stacktrace = None\n    \n        end_time = time.monotonic() + self._timeout\n        while True:\n            try:\n                value = method(self._driver)\n                if value:\n                    return value\n            except self._ignored_exceptions as exc:\n                screen = getattr(exc, \"screen\", None)\n                stacktrace = getattr(exc, \"stacktrace\", None)\n            time.sleep(self._poll)\n            if time.monotonic() > end_time:\n                break\n>       raise TimeoutException(message, screen, stacktrace)\nE       selenium.common.exceptions.TimeoutException: Message: \nE       Stacktrace:\nE       #0 0x5566a9466fe3 <unknown>\nE       #1 0x5566a91a5d36 <unknown>\nE       #2 0x5566a91e2c4d <unknown>\nE       #3 0x5566a91e2d61 <unknown>\nE       #4 0x5566a921e6a4 <unknown>\nE       #5 0x5566a92038ed <unknown>\nE       #6 0x5566a921c232 <unknown>\nE       #7 0x5566a9203693 <unknown>\nE       #8 0x5566a91d603a <unknown>\nE       #9 0x5566a91d717e <unknown>\nE       #10 0x5566a9428dbd <unknown>\nE       #11 0x5566a942cc6c <unknown>\nE       #12 0x5566a94364b0 <unknown>\nE       #13 0x5566a942dd63 <unknown>\nE       #14 0x5566a9400c35 <unknown>\nE       #15 0x5566a9451138 <unknown>\nE       #16 0x5566a94512c7 <unknown>\nE       #17 0x5566a945f093 <unknown>\nE       #18 0x7f6a79f39b43 <unknown>\n\n/opt/hostedtoolcache/Python/3.10.11/x64/lib/python3.10/site-packages/selenium/webdriver/support/wait.py:95: TimeoutException","flaky":false,"newFailed":false,"newBroken":false,"newPassed":false,"retriesCount":0,"retriesStatusChange":false,"beforeStages":[{"name":"_xunit_setup_method_fixture_TestLoggedInUserPage","time":{"start":1681387220249,"stop":1681387222248,"duration":1999},"status":"passed","steps":[],"attachments":[],"parameters":[],"stepsCount":0,"attachmentsCount":0,"shouldDisplayMessage":false,"hasContent":false}],"afterStages":[{"name":"_xunit_setup_method_fixture_TestLoggedInUserPage::0","time":{"start":1681387228326,"stop":1681387228389,"duration":63},"status":"passed","steps":[],"attachments":[],"parameters":[],"stepsCount":0,"attachmentsCount":0,"shouldDisplayMessage":false,"hasContent":false}],"labels":[{"name":"as_id","value":"ATC-11"},{"name":"parentSuite","value":"test"},{"name":"suite","value":"conduit_test"},{"name":"subSuite","value":"TestLoggedInUserPage"},{"name":"host","value":"fv-az1025-840"},{"name":"thread","value":"3186-MainThread"},{"name":"framework","value":"pytest"},{"name":"language","value":"cpython3"},{"name":"package","value":"test.conduit_test"},{"name":"resultFormat","value":"allure2"}],"parameters":[],"links":[],"hidden":false,"retry":false,"extra":{"severity":"normal","retries":[],"categories":[{"name":"Test defects","matchedStatuses":[],"flaky":false}],"tags":[]},"source":"8f50386ca8eef90e.json","parameterValues":[]}