{"uid":"3ef32f3d73171fea","name":"Modifying article","fullName":"test.conduit_test.TestLoggedInUserPage#test_modifying_article","historyId":"2767140306d6026b0f9ca1ac75a41973","time":{"start":1681301620546,"stop":1681301626761,"duration":6215},"status":"broken","statusMessage":"selenium.common.exceptions.TimeoutException: Message: \nStacktrace:\n#0 0x55dd07e83243 <unknown>\n#1 0x55dd07c477a6 <unknown>\n#2 0x55dd07c8464d <unknown>\n#3 0x55dd07c84761 <unknown>\n#4 0x55dd07cbfda4 <unknown>\n#5 0x55dd07ca50ad <unknown>\n#6 0x55dd07cbd932 <unknown>\n#7 0x55dd07ca4e53 <unknown>\n#8 0x55dd07c779ea <unknown>\n#9 0x55dd07c78b2e <unknown>\n#10 0x55dd07ed7d5e <unknown>\n#11 0x55dd07edba80 <unknown>\n#12 0x55dd07ebd8b0 <unknown>\n#13 0x55dd07edcb63 <unknown>\n#14 0x55dd07eaef75 <unknown>\n#15 0x55dd07eff998 <unknown>\n#16 0x55dd07effb27 <unknown>\n#17 0x55dd07f1ac23 <unknown>\n#18 0x7efebfa07b43 <unknown>","statusTrace":"self = <conduit_test.TestLoggedInUserPage object at 0x7f2f09499b40>\n\n    @allure.id(\"ATC-11\")\n    @allure.title(\"Modifying article\")\n    def test_modifying_article(self):\n>       modified_title = modify_title(self.page)\n\ntest/conduit_test.py:197: \n_ _ _ _ _ _ _ _ _ _ _ _ _ _ _ _ _ _ _ _ _ _ _ _ _ _ _ _ _ _ _ _ _ _ _ _ _ _ _ _ \ntest/general_functions.py:77: in modify_title\n    page.modify_article_link().click()\ntest/page_objects.py:140: in modify_article_link\n    return self.wait().until(self.ECpoel((By.XPATH, '//a[@class=\"btn btn-sm btn-outline-secondary\"]')))\n_ _ _ _ _ _ _ _ _ _ _ _ _ _ _ _ _ _ _ _ _ _ _ _ _ _ _ _ _ _ _ _ _ _ _ _ _ _ _ _ \n\nself = <selenium.webdriver.support.wait.WebDriverWait (session=\"6afd2f73fee05f5acc2b5523171d81ed\")>\nmethod = <function presence_of_element_located.<locals>._predicate at 0x7f2f09395630>\nmessage = ''\n\n    def until(self, method, message: str = \"\"):\n        \"\"\"Calls the method provided with the driver as an argument until the \\\n        return value does not evaluate to ``False``.\n    \n        :param method: callable(WebDriver)\n        :param message: optional message for :exc:`TimeoutException`\n        :returns: the result of the last call to `method`\n        :raises: :exc:`selenium.common.exceptions.TimeoutException` if timeout occurs\n        \"\"\"\n        screen = None\n        stacktrace = None\n    \n        end_time = time.monotonic() + self._timeout\n        while True:\n            try:\n                value = method(self._driver)\n                if value:\n                    return value\n            except self._ignored_exceptions as exc:\n                screen = getattr(exc, \"screen\", None)\n                stacktrace = getattr(exc, \"stacktrace\", None)\n            time.sleep(self._poll)\n            if time.monotonic() > end_time:\n                break\n>       raise TimeoutException(message, screen, stacktrace)\nE       selenium.common.exceptions.TimeoutException: Message: \nE       Stacktrace:\nE       #0 0x55dd07e83243 <unknown>\nE       #1 0x55dd07c477a6 <unknown>\nE       #2 0x55dd07c8464d <unknown>\nE       #3 0x55dd07c84761 <unknown>\nE       #4 0x55dd07cbfda4 <unknown>\nE       #5 0x55dd07ca50ad <unknown>\nE       #6 0x55dd07cbd932 <unknown>\nE       #7 0x55dd07ca4e53 <unknown>\nE       #8 0x55dd07c779ea <unknown>\nE       #9 0x55dd07c78b2e <unknown>\nE       #10 0x55dd07ed7d5e <unknown>\nE       #11 0x55dd07edba80 <unknown>\nE       #12 0x55dd07ebd8b0 <unknown>\nE       #13 0x55dd07edcb63 <unknown>\nE       #14 0x55dd07eaef75 <unknown>\nE       #15 0x55dd07eff998 <unknown>\nE       #16 0x55dd07effb27 <unknown>\nE       #17 0x55dd07f1ac23 <unknown>\nE       #18 0x7efebfa07b43 <unknown>\n\n/opt/hostedtoolcache/Python/3.10.10/x64/lib/python3.10/site-packages/selenium/webdriver/support/wait.py:95: TimeoutException","flaky":false,"newFailed":false,"newBroken":false,"newPassed":false,"retriesCount":0,"retriesStatusChange":false,"beforeStages":[{"name":"_xunit_setup_method_fixture_TestLoggedInUserPage","time":{"start":1681301615748,"stop":1681301620545,"duration":4797},"status":"passed","steps":[],"attachments":[],"parameters":[],"stepsCount":0,"attachmentsCount":0,"shouldDisplayMessage":false,"hasContent":false}],"afterStages":[{"name":"_xunit_setup_method_fixture_TestLoggedInUserPage::0","time":{"start":1681301626838,"stop":1681301626902,"duration":64},"status":"passed","steps":[],"attachments":[],"parameters":[],"stepsCount":0,"attachmentsCount":0,"shouldDisplayMessage":false,"hasContent":false}],"labels":[{"name":"as_id","value":"ATC-11"},{"name":"parentSuite","value":"test"},{"name":"suite","value":"conduit_test"},{"name":"subSuite","value":"TestLoggedInUserPage"},{"name":"host","value":"fv-az216-732"},{"name":"thread","value":"3304-MainThread"},{"name":"framework","value":"pytest"},{"name":"language","value":"cpython3"},{"name":"package","value":"test.conduit_test"},{"name":"resultFormat","value":"allure2"}],"parameters":[],"links":[],"hidden":false,"retry":false,"extra":{"severity":"normal","retries":[],"categories":[{"name":"Test defects","matchedStatuses":[],"flaky":false}],"tags":[]},"source":"3ef32f3d73171fea.json","parameterValues":[]}