{"uid":"1dd0ab20b4ddfd12","name":"Deleting all created articles","fullName":"test.conduit_test.TestLoggedInUserPage#test_deleting_articles","historyId":"3179684d28d8cb60957ce1b596480cf8","time":{"start":1681302132782,"stop":1681302142654,"duration":9872},"status":"broken","statusMessage":"selenium.common.exceptions.TimeoutException: Message: \nStacktrace:\n#0 0x5644e8b88243 <unknown>\n#1 0x5644e894c7a6 <unknown>\n#2 0x5644e898964d <unknown>\n#3 0x5644e8989761 <unknown>\n#4 0x5644e89c4da4 <unknown>\n#5 0x5644e89aa0ad <unknown>\n#6 0x5644e89c2932 <unknown>\n#7 0x5644e89a9e53 <unknown>\n#8 0x5644e897c9ea <unknown>\n#9 0x5644e897db2e <unknown>\n#10 0x5644e8bdcd5e <unknown>\n#11 0x5644e8be0a80 <unknown>\n#12 0x5644e8bc28b0 <unknown>\n#13 0x5644e8be1b63 <unknown>\n#14 0x5644e8bb3f75 <unknown>\n#15 0x5644e8c04998 <unknown>\n#16 0x5644e8c04b27 <unknown>\n#17 0x5644e8c1fc23 <unknown>\n#18 0x7f37cd4e5b43 <unknown>","statusTrace":"self = <conduit_test.TestLoggedInUserPage object at 0x7f2178b317e0>\n\n    @allure.id(\"ATC-12\")\n    @allure.title(\"Deleting all created articles\")\n    def test_deleting_articles(self):\n        self.page.refresh()\n        articles = len(self.page.articles_titles())\n        for index in range(articles):\n            self.page.articles_titles()[0].click()\n>           self.page.delete_article_button().click()\n\ntest/conduit_test.py:207: \n_ _ _ _ _ _ _ _ _ _ _ _ _ _ _ _ _ _ _ _ _ _ _ _ _ _ _ _ _ _ _ _ _ _ _ _ _ _ _ _ \ntest/page_objects.py:143: in delete_article_button\n    return self.wait().until(self.ECpoel((By.XPATH, '//button[@class=\"btn btn-outline-danger btn-sm\"]')))\n_ _ _ _ _ _ _ _ _ _ _ _ _ _ _ _ _ _ _ _ _ _ _ _ _ _ _ _ _ _ _ _ _ _ _ _ _ _ _ _ \n\nself = <selenium.webdriver.support.wait.WebDriverWait (session=\"f8d2e29def507b65b488ba0fa2834bfd\")>\nmethod = <function presence_of_element_located.<locals>._predicate at 0x7f2178a31cf0>\nmessage = ''\n\n    def until(self, method, message: str = \"\"):\n        \"\"\"Calls the method provided with the driver as an argument until the \\\n        return value does not evaluate to ``False``.\n    \n        :param method: callable(WebDriver)\n        :param message: optional message for :exc:`TimeoutException`\n        :returns: the result of the last call to `method`\n        :raises: :exc:`selenium.common.exceptions.TimeoutException` if timeout occurs\n        \"\"\"\n        screen = None\n        stacktrace = None\n    \n        end_time = time.monotonic() + self._timeout\n        while True:\n            try:\n                value = method(self._driver)\n                if value:\n                    return value\n            except self._ignored_exceptions as exc:\n                screen = getattr(exc, \"screen\", None)\n                stacktrace = getattr(exc, \"stacktrace\", None)\n            time.sleep(self._poll)\n            if time.monotonic() > end_time:\n                break\n>       raise TimeoutException(message, screen, stacktrace)\nE       selenium.common.exceptions.TimeoutException: Message: \nE       Stacktrace:\nE       #0 0x5644e8b88243 <unknown>\nE       #1 0x5644e894c7a6 <unknown>\nE       #2 0x5644e898964d <unknown>\nE       #3 0x5644e8989761 <unknown>\nE       #4 0x5644e89c4da4 <unknown>\nE       #5 0x5644e89aa0ad <unknown>\nE       #6 0x5644e89c2932 <unknown>\nE       #7 0x5644e89a9e53 <unknown>\nE       #8 0x5644e897c9ea <unknown>\nE       #9 0x5644e897db2e <unknown>\nE       #10 0x5644e8bdcd5e <unknown>\nE       #11 0x5644e8be0a80 <unknown>\nE       #12 0x5644e8bc28b0 <unknown>\nE       #13 0x5644e8be1b63 <unknown>\nE       #14 0x5644e8bb3f75 <unknown>\nE       #15 0x5644e8c04998 <unknown>\nE       #16 0x5644e8c04b27 <unknown>\nE       #17 0x5644e8c1fc23 <unknown>\nE       #18 0x7f37cd4e5b43 <unknown>\n\n/opt/hostedtoolcache/Python/3.10.10/x64/lib/python3.10/site-packages/selenium/webdriver/support/wait.py:95: TimeoutException","flaky":false,"newFailed":false,"newBroken":false,"newPassed":false,"retriesCount":0,"retriesStatusChange":false,"beforeStages":[{"name":"_xunit_setup_method_fixture_TestLoggedInUserPage","time":{"start":1681302127084,"stop":1681302132781,"duration":5697},"status":"passed","steps":[],"attachments":[],"parameters":[],"shouldDisplayMessage":false,"hasContent":false,"stepsCount":0,"attachmentsCount":0}],"afterStages":[{"name":"_xunit_setup_method_fixture_TestLoggedInUserPage::0","time":{"start":1681302142713,"stop":1681302142780,"duration":67},"status":"passed","steps":[],"attachments":[],"parameters":[],"shouldDisplayMessage":false,"hasContent":false,"stepsCount":0,"attachmentsCount":0}],"labels":[{"name":"as_id","value":"ATC-12"},{"name":"parentSuite","value":"test"},{"name":"suite","value":"conduit_test"},{"name":"subSuite","value":"TestLoggedInUserPage"},{"name":"host","value":"fv-az573-163"},{"name":"thread","value":"3307-MainThread"},{"name":"framework","value":"pytest"},{"name":"language","value":"cpython3"},{"name":"package","value":"test.conduit_test"},{"name":"resultFormat","value":"allure2"}],"parameters":[],"links":[],"hidden":false,"retry":false,"extra":{"severity":"normal","retries":[],"categories":[{"name":"Test defects","matchedStatuses":[],"flaky":false}],"tags":[]},"source":"1dd0ab20b4ddfd12.json","parameterValues":[]}